<?xml version="1.0" encoding="UTF-8"?>
<!-- Generated by org.testng.reporters.JUnitXMLReporter -->
<testsuite ignored="5" hostname="SARVESH-DESKTOP" failures="0" tests="1" name="Default test" time="11.28" errors="0" timestamp="2024-07-03T04:56:41 IST">
  <testcase classname="test.CartTest" name="verifyAmountsInTheCartForMultipleProducts" time="3.642"/>
  <testcase classname="test.CartTest" name="verifyAddingTwoProductsInTheCart" time="0.0">
    <ignored/>
  </testcase> <!-- verifyAddingTwoProductsInTheCart -->
  <testcase classname="test.CartTest" name="verifyAmountsInTheCart" time="0.0">
    <ignored/>
  </testcase> <!-- verifyAmountsInTheCart -->
  <testcase classname="test.CartTest" name="verifyAddToCartFromProductDetail" time="0.0">
    <ignored/>
  </testcase> <!-- verifyAddToCartFromProductDetail -->
  <testcase classname="test.CartTest" name="verifyAddToCartFromOrderDetailsUsingQuickView" time="0.0">
    <ignored/>
  </testcase> <!-- verifyAddToCartFromOrderDetailsUsingQuickView -->
  <testcase classname="test.CartTest" name="verifyRemoveFunctionalityOfCart" time="0.0">
    <ignored/>
  </testcase> <!-- verifyRemoveFunctionalityOfCart -->
</testsuite> <!-- Default test -->
