<?xml version="1.0" encoding="UTF-8"?>
<!-- Generated by org.testng.reporters.JUnitXMLReporter -->
<testsuite ignored="0" hostname="SARVESH-DESKTOP" failures="0" tests="5" name="ChromeTest" time="18.695" errors="0" timestamp="2024-07-03T05:10:26 IST">
  <testcase classname="test.ProductSearchTest" name="verifyIfUserIsAbleToGoToLoginOrRegesterPopup" time="0.394"/>
  <testcase classname="test.ProductSearchTest" name="verifyIfUserIsAbleToGoToTrackOrderPage" time="1.111"/>
  <testcase classname="test.ProductSearchTest" name="verifyIfUserIsAbleToLaunchNaaptolOnBrowser" time="0.098"/>
  <testcase classname="test.ProductSearchTest" name="verifyIfUserIsAbleToSearchProduct" time="1.164"/>
  <testcase classname="test.ProductSearchTest" name="verifyIfUserIsAbleToSeeShopingCategories" time="0.278"/>
</testsuite> <!-- ChromeTest -->
