<?xml version="1.0" encoding="UTF-8"?>
<!-- Generated by org.testng.reporters.JUnitXMLReporter -->
<testsuite ignored="0" hostname="SARVESH-DESKTOP" failures="0" tests="5" name="EdgeTest" time="29.244" errors="0" timestamp="2024-07-03T05:10:55 IST">
  <testcase classname="test.ProductSearchTest" name="verifyIfUserIsAbleToGoToLoginOrRegesterPopup" time="0.317"/>
  <testcase classname="test.ProductSearchTest" name="verifyIfUserIsAbleToGoToTrackOrderPage" time="5.155"/>
  <testcase classname="test.ProductSearchTest" name="verifyIfUserIsAbleToLaunchNaaptolOnBrowser" time="0.0">
    <skipped/>
  </testcase> <!-- verifyIfUserIsAbleToLaunchNaaptolOnBrowser -->
  <testcase classname="test.ProductSearchTest" name="verifyIfUserIsAbleToSearchProduct" time="0.0">
    <skipped/>
  </testcase> <!-- verifyIfUserIsAbleToSearchProduct -->
  <testcase classname="test.ProductSearchTest" name="verifyIfUserIsAbleToSeeShopingCategories" time="0.0">
    <skipped/>
  </testcase> <!-- verifyIfUserIsAbleToSeeShopingCategories -->
</testsuite> <!-- EdgeTest -->
