<?xml version="1.0" encoding="UTF-8"?>
<!-- Generated by org.testng.reporters.JUnitXMLReporter -->
<testsuite ignored="0" hostname="SARVESH-DESKTOP" failures="0" tests="14" name="Test" time="163.941" errors="0" timestamp="2024-06-27T07:54:59 IST">
  <testcase classname="test.CartTest" name="verifyAddToCartFromOrderDetailsUsingQuickView" time="2.606"/>
  <testcase classname="test.CartTest" name="verifyAddToCartFromProductDetail" time="2.756"/>
  <testcase classname="test.CartTest" name="verifyAddingTwoProductsInTheCart" time="12.619"/>
  <testcase classname="test.CartTest" name="verifyAmountsInTheCart" time="2.149"/>
  <testcase classname="test.CartTest" name="verifyAmountsInTheCartForMultipleProducts" time="5.163"/>
  <testcase classname="test.CartTest" name="verifyRemoveFunctionalityOfCart" time="8.826"/>
  <testcase classname="test.ProductSearchTest" name="verifyIfUserIsAbleToGoToLoginOrRegesterPopup" time="0.29"/>
  <testcase classname="test.ProductSearchTest" name="verifyIfUserIsAbleToGoToTrackOrderPage" time="0.991"/>
  <testcase classname="test.ProductSearchTest" name="verifyIfUserIsAbleToLaunchNaaptolOnBrowser" time="0.072"/>
  <testcase classname="test.ProductSearchTest" name="verifyIfUserIsAbleToSearchProduct" time="1.513"/>
  <testcase classname="test.ProductSearchTest" name="verifyIfUserIsAbleToSeeShopingCategories" time="0.326"/>
  <testcase classname="test.LoginOrRegisterTest" name="verifyLoginOrRegesterPage" time="66.62"/>
  <testcase classname="test.ViewProductDetailTest" name="verifyIfUserIsAbleToOpenProductOnNewTab" time="2.695"/>
  <testcase classname="test.ViewProductDetailTest" name="verifyIfUserIsAbleToViewProductdetailsOnQuickView" time="1.798"/>
</testsuite> <!-- Test -->
