<?xml version="1.0" encoding="UTF-8"?>
<!-- Generated by org.testng.reporters.JUnitXMLReporter -->
<testsuite ignored="0" hostname="SARVESH-DESKTOP" failures="0" tests="14" name="Test" time="170.207" errors="0" timestamp="2024-06-27T08:51:00 IST">
  <testcase classname="test.CartTest" name="verifyAddToCartFromOrderDetailsUsingQuickView" time="2.125"/>
  <testcase classname="test.CartTest" name="verifyAddToCartFromProductDetail" time="2.744"/>
  <testcase classname="test.CartTest" name="verifyAddingTwoProductsInTheCart" time="4.806"/>
  <testcase classname="test.CartTest" name="verifyAmountsInTheCart" time="2.238"/>
  <testcase classname="test.CartTest" name="verifyAmountsInTheCartForMultipleProducts" time="8.986"/>
  <testcase classname="test.CartTest" name="verifyRemoveFunctionalityOfCart" time="12.706"/>
  <testcase classname="test.ProductSearchTest" name="verifyIfUserIsAbleToGoToLoginOrRegesterPopup" time="0.34"/>
  <testcase classname="test.ProductSearchTest" name="verifyIfUserIsAbleToGoToTrackOrderPage" time="1.092"/>
  <testcase classname="test.ProductSearchTest" name="verifyIfUserIsAbleToLaunchNaaptolOnBrowser" time="0.113"/>
  <testcase classname="test.ProductSearchTest" name="verifyIfUserIsAbleToSearchProduct" time="1.069"/>
  <testcase classname="test.ProductSearchTest" name="verifyIfUserIsAbleToSeeShopingCategories" time="0.276"/>
  <testcase classname="test.LoginOrRegisterTest" name="verifyLoginOrRegesterPage" time="68.682"/>
  <testcase classname="test.ViewProductDetailTest" name="verifyIfUserIsAbleToOpenProductOnNewTab" time="3.142"/>
  <testcase classname="test.ViewProductDetailTest" name="verifyIfUserIsAbleToViewProductdetailsOnQuickView" time="1.787"/>
</testsuite> <!-- Test -->
