<?xml version="1.0" encoding="UTF-8"?>
<!-- Generated by org.testng.reporters.JUnitXMLReporter -->
<testsuite ignored="1" hostname="SARVESH-DESKTOP" failures="1" tests="1" name="Test(failed)" time="4.421" errors="0" timestamp="2024-06-27T07:40:31 IST">
  <testcase classname="test.ViewProductDetailTest" name="verifyIfUserIsAbleToViewProductdetailsOnQuickView" time="0.022">
    <failure type="java.lang.NullPointerException" message="Cannot invoke &amp;quot;com.aventstack.extentreports.ExtentReports.createTest(String)&amp;quot; because &amp;quot;test.ViewProductDetailTest.reports&amp;quot; is null">
      <![CDATA[java.lang.NullPointerException: Cannot invoke "com.aventstack.extentreports.ExtentReports.createTest(String)" because "test.ViewProductDetailTest.reports" is null
at test.ViewProductDetailTest.verifyIfUserIsAbleToViewProductdetailsOnQuickView(ViewProductDetailTest.java:28)
at java.base/java.util.ArrayList.forEach(ArrayList.java:1596)
... Removed 25 stack frames]]>
    </failure>
  </testcase> <!-- verifyIfUserIsAbleToViewProductdetailsOnQuickView -->
  <testcase classname="test.ViewProductDetailTest" name="verifyIfUserIsAbleToOpenProductOnNewTab" time="0.0">
    <ignored/>
  </testcase> <!-- verifyIfUserIsAbleToOpenProductOnNewTab -->
</testsuite> <!-- Test(failed) -->
